0 info it worked if it ends with ok
1 verbose cli [ '/usr/bin/node', '/usr/bin/npm', 'i', '-g', '@nestjs/cli' ]
2 info using npm@1.4.21
3 info using node@v8.11.1
4 verbose cache add [ '@nestjs/cli', null ]
5 verbose cache add name=undefined spec="@nestjs/cli" args=["@nestjs/cli",null]
6 verbose parsed url Url {
6 verbose parsed url   protocol: null,
6 verbose parsed url   slashes: null,
6 verbose parsed url   auth: null,
6 verbose parsed url   host: null,
6 verbose parsed url   port: null,
6 verbose parsed url   hostname: null,
6 verbose parsed url   hash: null,
6 verbose parsed url   search: null,
6 verbose parsed url   query: null,
6 verbose parsed url   pathname: '@nestjs/cli',
6 verbose parsed url   path: '@nestjs/cli',
6 verbose parsed url   href: '@nestjs/cli' }
7 verbose cache add name="" spec="nestjs/cli" args=["","nestjs/cli"]
8 verbose parsed url Url {
8 verbose parsed url   protocol: null,
8 verbose parsed url   slashes: null,
8 verbose parsed url   auth: null,
8 verbose parsed url   host: null,
8 verbose parsed url   port: null,
8 verbose parsed url   hostname: null,
8 verbose parsed url   hash: null,
8 verbose parsed url   search: null,
8 verbose parsed url   query: null,
8 verbose parsed url   pathname: 'nestjs/cli',
8 verbose parsed url   path: 'nestjs/cli',
8 verbose parsed url   href: 'nestjs/cli' }
9 silly lockFile 6bc733ab-nestjs-cli nestjs/cli
10 verbose lock nestjs/cli /root/.npm/6bc733ab-nestjs-cli.lock
11 info maybeGithub Attempting nestjs/cli from git://github.com/nestjs/cli
12 silly lockFile 89dd4376-git-github-com-nestjs-cli git://github.com/nestjs/cli
13 verbose lock git://github.com/nestjs/cli /root/.npm/89dd4376-git-github-com-nestjs-cli.lock
14 verbose addRemoteGit [ 'git://github.com/nestjs/cli', 'master' ]
15 verbose git clone git://github.com/nestjs/cli Cloning into bare repository '/root/.npm/_git-remotes/git-github-com-nestjs-cli-89dd4376'...
15 verbose git clone git://github.com/nestjs/cli fatal: remote error:
15 verbose git clone git://github.com/nestjs/cli   Repository not found.
16 silly lockFile 89dd4376-git-github-com-nestjs-cli git://github.com/nestjs/cli
17 silly lockFile 89dd4376-git-github-com-nestjs-cli git://github.com/nestjs/cli
18 info maybeGithub Attempting nestjs/cli from git+ssh://git@github.com:nestjs/cli
19 silly lockFile 26965b4d-git-github-com-nestjs-cli git@github.com:nestjs/cli
20 verbose lock git@github.com:nestjs/cli /root/.npm/26965b4d-git-github-com-nestjs-cli.lock
21 verbose addRemoteGit [ 'git@github.com:nestjs/cli', 'master' ]
22 error git clone git@github.com:nestjs/cli Cloning into bare repository '/root/.npm/_git-remotes/git-github-com-nestjs-cli-26965b4d'...
22 error git clone git@github.com:nestjs/cli Warning: Permanently added 'github.com,18.231.5.6' (RSA) to the list of known hosts.
22 error git clone git@github.com:nestjs/cli Permission denied (publickey).
22 error git clone git@github.com:nestjs/cli fatal: Could not read from remote repository.
22 error git clone git@github.com:nestjs/cli
22 error git clone git@github.com:nestjs/cli Please make sure you have the correct access rights
22 error git clone git@github.com:nestjs/cli and the repository exists.
23 silly lockFile 26965b4d-git-github-com-nestjs-cli git@github.com:nestjs/cli
24 silly lockFile 26965b4d-git-github-com-nestjs-cli git@github.com:nestjs/cli
25 silly lockFile 6bc733ab-nestjs-cli nestjs/cli
26 silly lockFile 6bc733ab-nestjs-cli nestjs/cli
27 error addLocal Could not install nestjs/cli
28 error Error: ENOENT: no such file or directory, stat 'nestjs/cli'
29 error If you need help, you may report this *entire* log,
29 error including the npm and node versions, at:
29 error     <http://github.com/npm/npm/issues>
30 error System Linux 4.19.66-v7+
31 error command "/usr/bin/node" "/usr/bin/npm" "i" "-g" "@nestjs/cli"
32 error cwd /var/www/business/vinnyfs89/study-raspberry-gpio
33 error node -v v8.11.1
34 error npm -v 1.4.21
35 error path nestjs/cli
36 error syscall stat
37 error code ENOENT
38 error errno -2
39 verbose exit [ -2, true ]
